<?xml version="1.0" encoding="UTF-8"?>
<robot generator="Robot 7.2 (Python 3.13.1 on win32)" generated="2025-02-25T10:47:56.013874" rpa="false" schemaversion="5">
<suite id="s1" name="Jurasstina-KallePark" source="C:\Users\AndreasJohansson\Documents\GitHub\Jurasstina-KallePark">
<suite id="s1-s1" name="Stina-Palletest" source="C:\Users\AndreasJohansson\Documents\GitHub\Jurasstina-KallePark\Stina-Palletest.robot">
<test id="s1-s1-t1" name="Register User" line="14">
<kw name="I Am On The Page" owner="keywords" type="SETUP">
<kw name="Open Browser" owner="SeleniumLibrary">
<msg time="2025-02-25T10:47:56.396867" level="INFO">Opening browser 'chrome' to base url 'C:/Users/AndreasJohansson/Documents/GitHub/Jurasstina-KallePark/JuraStinaKallePark/jurap.html'.</msg>
<arg>${url}</arg>
<arg>${browser}</arg>
<doc>Opens a new browser instance to the optional ``url``.</doc>
<status status="PASS" start="2025-02-25T10:47:56.396410" elapsed="1.638579"/>
</kw>
<kw name="Title Should Be" owner="SeleniumLibrary">
<msg time="2025-02-25T10:47:58.049845" level="INFO">Page title is 'Jura-Stina-Kalle Park'.</msg>
<arg>${title}</arg>
<doc>Verifies that the current page title equals ``title``.</doc>
<status status="PASS" start="2025-02-25T10:47:58.035360" elapsed="0.014865"/>
</kw>
<arg>${url}</arg>
<arg>${browser}</arg>
<arg>${title}</arg>
<tag>Andreas</tag>
<status status="PASS" start="2025-02-25T10:47:56.395143" elapsed="1.655362"/>
</kw>
<kw name="Set Variable" owner="BuiltIn">
<msg time="2025-02-25T10:47:58.052083" level="INFO">${valid_username2} = Stina-Palle</msg>
<var>${valid_username2}</var>
<arg>Stina-Palle</arg>
<doc>Returns the given values which can then be assigned to a variables.</doc>
<status status="PASS" start="2025-02-25T10:47:58.051184" elapsed="0.001250"/>
</kw>
<kw name="Set Variable" owner="BuiltIn">
<msg time="2025-02-25T10:47:58.053609" level="INFO">${valid_password2} = Stina4251!</msg>
<var>${valid_password2}</var>
<arg>Stina4251!</arg>
<doc>Returns the given values which can then be assigned to a variables.</doc>
<status status="PASS" start="2025-02-25T10:47:58.053029" elapsed="0.000788"/>
</kw>
<kw name="When I register a user with username" owner="keywords">
<kw name="Click Link" owner="SeleniumLibrary">
<msg time="2025-02-25T10:47:58.064260" level="INFO">Clicking link '//*[@id="register-nav"]/a'.</msg>
<arg>${Register_link}</arg>
<doc>Clicks a link identified by ``locator``.</doc>
<status status="PASS" start="2025-02-25T10:47:58.063637" elapsed="0.123196"/>
</kw>
<kw name="Input Text" owner="SeleniumLibrary">
<msg time="2025-02-25T10:47:58.188078" level="INFO">Typing text 'Stina-Palle' into text field 'id=reg-username'.</msg>
<arg>${username_register_input_id}</arg>
<arg>${username}</arg>
<doc>Types the given ``text`` into the text field identified by ``locator``.</doc>
<status status="PASS" start="2025-02-25T10:47:58.187181" elapsed="0.153037"/>
</kw>
<kw name="Input Text" owner="SeleniumLibrary">
<msg time="2025-02-25T10:47:58.342554" level="INFO">Typing text 'Stina4251!' into text field 'id=reg-password'.</msg>
<arg>${password_register_input_id}</arg>
<arg>${password}</arg>
<doc>Types the given ``text`` into the text field identified by ``locator``.</doc>
<status status="PASS" start="2025-02-25T10:47:58.341727" elapsed="0.138385"/>
</kw>
<kw name="Click Button" owner="SeleniumLibrary">
<msg time="2025-02-25T10:47:58.481194" level="INFO">Clicking button '//*[@id='register-form']/button'.</msg>
<arg>${register_button}</arg>
<doc>Clicks the button identified by ``locator``.</doc>
<status status="PASS" start="2025-02-25T10:47:58.480470" elapsed="0.132574"/>
</kw>
<arg>${valid_username2}</arg>
<arg>${valid_password2}</arg>
<tag>Wassim</tag>
<status status="PASS" start="2025-02-25T10:47:58.054376" elapsed="0.558901"/>
</kw>
<kw name="Then I should see the registration success message" owner="keywords">
<kw name="Wait Until Element Is Visible" owner="SeleniumLibrary">
<arg>${successful_message_element}</arg>
<arg>timeout=5s</arg>
<doc>Waits until the element ``locator`` is visible.</doc>
<status status="PASS" start="2025-02-25T10:47:58.618434" elapsed="0.034120"/>
</kw>
<kw name="Element Should Contain" owner="SeleniumLibrary">
<msg time="2025-02-25T10:47:58.684182" level="INFO">Element 'id=register-message' contains text 'Registration successful! Redirecting to login...'.</msg>
<arg>${successful_message_element}</arg>
<arg>${successful_message}</arg>
<doc>Verifies that element ``locator`` contains text ``expected``.</doc>
<status status="PASS" start="2025-02-25T10:47:58.652816" elapsed="0.031636"/>
</kw>
<kw name="Wait Until Element Is Visible" owner="SeleniumLibrary">
<arg>${login_Section}</arg>
<arg>timeout=10s</arg>
<doc>Waits until the element ``locator`` is visible.</doc>
<status status="PASS" start="2025-02-25T10:47:58.684698" elapsed="2.133532"/>
</kw>
<arg>${successful_message_element}</arg>
<arg>${successful_message}</arg>
<tag>Wassim</tag>
<status status="PASS" start="2025-02-25T10:47:58.616314" elapsed="2.202263"/>
</kw>
<kw name="Close Browser" owner="SeleniumLibrary" type="TEARDOWN">
<doc>Closes the current browser.</doc>
<status status="PASS" start="2025-02-25T10:48:00.823767" elapsed="2.146301"/>
</kw>
<doc>Test to register a new user and verify success message.</doc>
<tag>Wassim</tag>
<status status="PASS" start="2025-02-25T10:47:56.393134" elapsed="6.578397"/>
</test>
<test id="s1-s1-t2" name="Purchase Regular Tickets" line="22">
<kw name="I Am On The Page" owner="keywords" type="SETUP">
<kw name="Open Browser" owner="SeleniumLibrary">
<msg time="2025-02-25T10:48:02.987601" level="INFO">Opening browser 'chrome' to base url 'C:/Users/AndreasJohansson/Documents/GitHub/Jurasstina-KallePark/JuraStinaKallePark/jurap.html'.</msg>
<arg>${url}</arg>
<arg>${browser}</arg>
<doc>Opens a new browser instance to the optional ``url``.</doc>
<status status="PASS" start="2025-02-25T10:48:02.984842" elapsed="1.653583"/>
</kw>
<kw name="Title Should Be" owner="SeleniumLibrary">
<msg time="2025-02-25T10:48:04.648065" level="INFO">Page title is 'Jura-Stina-Kalle Park'.</msg>
<arg>${title}</arg>
<doc>Verifies that the current page title equals ``title``.</doc>
<status status="PASS" start="2025-02-25T10:48:04.638944" elapsed="0.009405"/>
</kw>
<arg>${url}</arg>
<arg>${browser}</arg>
<arg>${title}</arg>
<tag>Andreas</tag>
<status status="PASS" start="2025-02-25T10:48:02.981421" elapsed="1.667100"/>
</kw>
<kw name="Given Iam registered and logged in" owner="keywords">
<kw name="I register a user with username" owner="keywords">
<kw name="Click Link" owner="SeleniumLibrary">
<msg time="2025-02-25T10:48:04.657977" level="INFO">Clicking link '//*[@id="register-nav"]/a'.</msg>
<arg>${Register_link}</arg>
<doc>Clicks a link identified by ``locator``.</doc>
<status status="PASS" start="2025-02-25T10:48:04.656145" elapsed="0.109597"/>
</kw>
<kw name="Input Text" owner="SeleniumLibrary">
<msg time="2025-02-25T10:48:04.766662" level="INFO">Typing text 'Stina-Palle' into text field 'id=reg-username'.</msg>
<arg>${username_register_input_id}</arg>
<arg>${username}</arg>
<doc>Types the given ``text`` into the text field identified by ``locator``.</doc>
<status status="PASS" start="2025-02-25T10:48:04.766132" elapsed="0.166159"/>
</kw>
<kw name="Input Text" owner="SeleniumLibrary">
<msg time="2025-02-25T10:48:04.932967" level="INFO">Typing text 'Stina4251!' into text field 'id=reg-password'.</msg>
<arg>${password_register_input_id}</arg>
<arg>${password}</arg>
<doc>Types the given ``text`` into the text field identified by ``locator``.</doc>
<status status="PASS" start="2025-02-25T10:48:04.932528" elapsed="0.134673"/>
</kw>
<kw name="Click Button" owner="SeleniumLibrary">
<msg time="2025-02-25T10:48:05.067873" level="INFO">Clicking button '//*[@id='register-form']/button'.</msg>
<arg>${register_button}</arg>
<doc>Clicks the button identified by ``locator``.</doc>
<status status="PASS" start="2025-02-25T10:48:05.067448" elapsed="0.139309"/>
</kw>
<arg>${valid_username2}</arg>
<arg>${valid_password2}</arg>
<tag>Wassim</tag>
<status status="PASS" start="2025-02-25T10:48:04.652827" elapsed="0.554192"/>
</kw>
<kw name="I am logged in with valid credentials" owner="keywords">
<kw name="Click Link" owner="SeleniumLibrary">
<msg time="2025-02-25T10:48:05.210700" level="INFO">Clicking link '//*[@id="login-nav"]/a'.</msg>
<arg>${loginlink_element}</arg>
<doc>Clicks a link identified by ``locator``.</doc>
<status status="PASS" start="2025-02-25T10:48:05.210167" elapsed="0.098611"/>
</kw>
<kw name="Wait Until Element Is Visible" owner="SeleniumLibrary">
<arg>${login_Section}</arg>
<arg>timeout=5s</arg>
<doc>Waits until the element ``locator`` is visible.</doc>
<status status="PASS" start="2025-02-25T10:48:05.309016" elapsed="0.022614"/>
</kw>
<kw name="Input Text" owner="SeleniumLibrary">
<msg time="2025-02-25T10:48:05.332355" level="INFO">Typing text 'Stina-Palle' into text field 'id=login-username'.</msg>
<arg>${username_input_id}</arg>
<arg>${valid_username2}</arg>
<doc>Types the given ``text`` into the text field identified by ``locator``.</doc>
<status status="PASS" start="2025-02-25T10:48:05.331867" elapsed="0.115032"/>
</kw>
<kw name="Input Text" owner="SeleniumLibrary">
<msg time="2025-02-25T10:48:05.447666" level="INFO">Typing text 'Stina4251!' into text field 'id=login-password'.</msg>
<arg>${password_input_id}</arg>
<arg>${valid_password2}</arg>
<doc>Types the given ``text`` into the text field identified by ``locator``.</doc>
<status status="PASS" start="2025-02-25T10:48:05.447207" elapsed="0.116236"/>
</kw>
<kw name="Click Button" owner="SeleniumLibrary">
<msg time="2025-02-25T10:48:05.564371" level="INFO">Clicking button '//*[@id='login-form']/button'.</msg>
<arg>${login_button}</arg>
<doc>Clicks the button identified by ``locator``.</doc>
<status status="PASS" start="2025-02-25T10:48:05.563780" elapsed="0.100973"/>
</kw>
<kw name="Wait Until Element Is Visible" owner="SeleniumLibrary">
<arg>${home_section}</arg>
<arg>timeout=5s</arg>
<doc>Waits until the element ``locator`` is visible.</doc>
<status status="PASS" start="2025-02-25T10:48:05.665142" elapsed="2.133831"/>
</kw>
<arg>${valid_username2}</arg>
<arg>${valid_password2}</arg>
<status status="PASS" start="2025-02-25T10:48:05.207849" elapsed="2.591312"/>
</kw>
<status status="PASS" start="2025-02-25T10:48:04.648944" elapsed="3.150350"/>
</kw>
<kw name="When I Add one Regular Tickets To Cart" owner="keywords">
<kw name="Click Link" owner="SeleniumLibrary">
<msg time="2025-02-25T10:48:07.807133" level="INFO">Clicking link '//*[@id="tickets-nav"]/a'.</msg>
<arg>${Ticketlink_element}</arg>
<doc>Clicks a link identified by ``locator``.</doc>
<status status="PASS" start="2025-02-25T10:48:07.806753" elapsed="0.087601"/>
</kw>
<kw name="Select From List By Value" owner="SeleniumLibrary">
<msg time="2025-02-25T10:48:07.895024" level="INFO">Selecting options from selection list 'id=ticket-type' by value Adult.</msg>
<arg>${ticket_type_selector}</arg>
<arg>${ticket_type}</arg>
<doc>Selects options from selection list ``locator`` by ``values``.</doc>
<status status="PASS" start="2025-02-25T10:48:07.894596" elapsed="0.056099"/>
</kw>
<kw name="Select From List By Value" owner="SeleniumLibrary">
<msg time="2025-02-25T10:48:07.952312" level="INFO">Selecting options from selection list 'id=ticket-category' by value Regular.</msg>
<arg>${ticket_category_selector}</arg>
<arg>${ticket_option}</arg>
<doc>Selects options from selection list ``locator`` by ``values``.</doc>
<status status="PASS" start="2025-02-25T10:48:07.951249" elapsed="0.045966"/>
</kw>
<kw name="Input Text" owner="SeleniumLibrary">
<msg time="2025-02-25T10:48:07.997955" level="INFO">Typing text '1' into text field 'id=ticket-quantity'.</msg>
<arg>${ticket_quantity}</arg>
<arg>1</arg>
<doc>Types the given ``text`` into the text field identified by ``locator``.</doc>
<status status="PASS" start="2025-02-25T10:48:07.997477" elapsed="0.086315"/>
</kw>
<kw name="Click Button" owner="SeleniumLibrary">
<msg time="2025-02-25T10:48:08.085302" level="INFO">Clicking button '//*[@id='ticket-form']/button'.</msg>
<arg>${add_to_cart_button}</arg>
<doc>Clicks the button identified by ``locator``.</doc>
<status status="PASS" start="2025-02-25T10:48:08.084361" elapsed="0.104322"/>
</kw>
<kw name="Alert Should Be Present" owner="SeleniumLibrary">
<msg time="2025-02-25T10:48:08.189323" level="INFO">HANDLE::&lt;class 'NoneType'&gt;::None</msg>
<arg>${alert_cart_message}</arg>
<doc>Verifies that an alert is present and by default, accepts it.</doc>
<status status="PASS" start="2025-02-25T10:48:08.188912" elapsed="0.009070"/>
</kw>
<arg>${ticket_type}</arg>
<arg>${ticket_option}</arg>
<arg>${ticket_quantity}</arg>
<status status="PASS" start="2025-02-25T10:48:07.803544" elapsed="0.394630"/>
</kw>
<kw name="Close Browser" owner="SeleniumLibrary" type="TEARDOWN">
<doc>Closes the current browser.</doc>
<status status="PASS" start="2025-02-25T10:48:08.202062" elapsed="2.155106"/>
</kw>
<doc>Test for purchasing one regular tickets.</doc>
<tag>TicketPurchase</tag>
<status status="PASS" start="2025-02-25T10:48:02.976576" elapsed="7.381825"/>
</test>
<test id="s1-s1-t3" name="Book Herbivore Tour" line="29">
<kw name="I Am On The Page" owner="keywords" type="SETUP">
<kw name="Open Browser" owner="SeleniumLibrary">
<msg time="2025-02-25T10:48:10.372577" level="INFO">Opening browser 'chrome' to base url 'C:/Users/AndreasJohansson/Documents/GitHub/Jurasstina-KallePark/JuraStinaKallePark/jurap.html'.</msg>
<arg>${url}</arg>
<arg>${browser}</arg>
<doc>Opens a new browser instance to the optional ``url``.</doc>
<status status="PASS" start="2025-02-25T10:48:10.370911" elapsed="1.637494"/>
</kw>
<kw name="Title Should Be" owner="SeleniumLibrary">
<msg time="2025-02-25T10:48:12.014567" level="INFO">Page title is 'Jura-Stina-Kalle Park'.</msg>
<arg>${title}</arg>
<doc>Verifies that the current page title equals ``title``.</doc>
<status status="PASS" start="2025-02-25T10:48:12.008774" elapsed="0.006039"/>
</kw>
<arg>${url}</arg>
<arg>${browser}</arg>
<arg>${title}</arg>
<tag>Andreas</tag>
<status status="PASS" start="2025-02-25T10:48:10.368131" elapsed="1.646851"/>
</kw>
<kw name="Given Iam registered and logged in" owner="keywords">
<kw name="I register a user with username" owner="keywords">
<kw name="Click Link" owner="SeleniumLibrary">
<msg time="2025-02-25T10:48:12.026310" level="INFO">Clicking link '//*[@id="register-nav"]/a'.</msg>
<arg>${Register_link}</arg>
<doc>Clicks a link identified by ``locator``.</doc>
<status status="PASS" start="2025-02-25T10:48:12.025745" elapsed="0.106010"/>
</kw>
<kw name="Input Text" owner="SeleniumLibrary">
<msg time="2025-02-25T10:48:12.133687" level="INFO">Typing text 'Stina-Palle' into text field 'id=reg-username'.</msg>
<arg>${username_register_input_id}</arg>
<arg>${username}</arg>
<doc>Types the given ``text`` into the text field identified by ``locator``.</doc>
<status status="PASS" start="2025-02-25T10:48:12.132211" elapsed="0.149474"/>
</kw>
<kw name="Input Text" owner="SeleniumLibrary">
<msg time="2025-02-25T10:48:12.284513" level="INFO">Typing text 'Stina4251!' into text field 'id=reg-password'.</msg>
<arg>${password_register_input_id}</arg>
<arg>${password}</arg>
<doc>Types the given ``text`` into the text field identified by ``locator``.</doc>
<status status="PASS" start="2025-02-25T10:48:12.282123" elapsed="0.116824"/>
</kw>
<kw name="Click Button" owner="SeleniumLibrary">
<msg time="2025-02-25T10:48:12.400745" level="INFO">Clicking button '//*[@id='register-form']/button'.</msg>
<arg>${register_button}</arg>
<doc>Clicks the button identified by ``locator``.</doc>
<status status="PASS" start="2025-02-25T10:48:12.399712" elapsed="0.127994"/>
</kw>
<arg>${valid_username2}</arg>
<arg>${valid_password2}</arg>
<tag>Wassim</tag>
<status status="PASS" start="2025-02-25T10:48:12.024612" elapsed="0.503403"/>
</kw>
<kw name="I am logged in with valid credentials" owner="keywords">
<kw name="Click Link" owner="SeleniumLibrary">
<msg time="2025-02-25T10:48:12.529320" level="INFO">Clicking link '//*[@id="login-nav"]/a'.</msg>
<arg>${loginlink_element}</arg>
<doc>Clicks a link identified by ``locator``.</doc>
<status status="PASS" start="2025-02-25T10:48:12.528935" elapsed="0.095684"/>
</kw>
<kw name="Wait Until Element Is Visible" owner="SeleniumLibrary">
<arg>${login_Section}</arg>
<arg>timeout=5s</arg>
<doc>Waits until the element ``locator`` is visible.</doc>
<status status="PASS" start="2025-02-25T10:48:12.624871" elapsed="0.026698"/>
</kw>
<kw name="Input Text" owner="SeleniumLibrary">
<msg time="2025-02-25T10:48:12.653295" level="INFO">Typing text 'Stina-Palle' into text field 'id=login-username'.</msg>
<arg>${username_input_id}</arg>
<arg>${valid_username2}</arg>
<doc>Types the given ``text`` into the text field identified by ``locator``.</doc>
<status status="PASS" start="2025-02-25T10:48:12.652057" elapsed="0.094439"/>
</kw>
<kw name="Input Text" owner="SeleniumLibrary">
<msg time="2025-02-25T10:48:12.747234" level="INFO">Typing text 'Stina4251!' into text field 'id=login-password'.</msg>
<arg>${password_input_id}</arg>
<arg>${valid_password2}</arg>
<doc>Types the given ``text`` into the text field identified by ``locator``.</doc>
<status status="PASS" start="2025-02-25T10:48:12.746769" elapsed="0.114720"/>
</kw>
<kw name="Click Button" owner="SeleniumLibrary">
<msg time="2025-02-25T10:48:12.862280" level="INFO">Clicking button '//*[@id='login-form']/button'.</msg>
<arg>${login_button}</arg>
<doc>Clicks the button identified by ``locator``.</doc>
<status status="PASS" start="2025-02-25T10:48:12.861797" elapsed="0.100171"/>
</kw>
<kw name="Wait Until Element Is Visible" owner="SeleniumLibrary">
<arg>${home_section}</arg>
<arg>timeout=5s</arg>
<doc>Waits until the element ``locator`` is visible.</doc>
<status status="PASS" start="2025-02-25T10:48:12.962218" elapsed="2.142056"/>
</kw>
<arg>${valid_username2}</arg>
<arg>${valid_password2}</arg>
<status status="PASS" start="2025-02-25T10:48:12.528341" elapsed="2.576124"/>
</kw>
<status status="PASS" start="2025-02-25T10:48:12.015396" elapsed="3.089194"/>
</kw>
<kw name="And I Select Herbivore Tour safari" owner="keywords">
<kw name="Select From List By Value" owner="SeleniumLibrary">
<msg time="2025-02-25T10:48:15.111243" level="INFO">Selecting options from selection list 'id=safari-type' by value Herbivore Tour.</msg>
<arg>${safari_type_category}</arg>
<arg>Herbivore Tour</arg>
<doc>Selects options from selection list ``locator`` by ``values``.</doc>
<status status="PASS" start="2025-02-25T10:48:15.110874" elapsed="0.053094"/>
</kw>
<arg>${safari_type}</arg>
<status status="PASS" start="2025-02-25T10:48:15.108054" elapsed="0.056123"/>
</kw>
<kw name="When I Choose Safari Date" owner="keywords">
<kw name="I Add one Regular Tickets To Cart" owner="keywords">
<kw name="Click Link" owner="SeleniumLibrary">
<msg time="2025-02-25T10:48:15.173636" level="INFO">Clicking link '//*[@id="tickets-nav"]/a'.</msg>
<arg>${Ticketlink_element}</arg>
<doc>Clicks a link identified by ``locator``.</doc>
<status status="PASS" start="2025-02-25T10:48:15.173306" elapsed="0.098116"/>
</kw>
<kw name="Select From List By Value" owner="SeleniumLibrary">
<msg time="2025-02-25T10:48:15.272212" level="INFO">Selecting options from selection list 'id=ticket-type' by value Adult.</msg>
<arg>${ticket_type_selector}</arg>
<arg>${ticket_type}</arg>
<doc>Selects options from selection list ``locator`` by ``values``.</doc>
<status status="PASS" start="2025-02-25T10:48:15.271698" elapsed="0.054391"/>
</kw>
<kw name="Select From List By Value" owner="SeleniumLibrary">
<msg time="2025-02-25T10:48:15.326777" level="INFO">Selecting options from selection list 'id=ticket-category' by value Regular.</msg>
<arg>${ticket_category_selector}</arg>
<arg>${ticket_option}</arg>
<doc>Selects options from selection list ``locator`` by ``values``.</doc>
<status status="PASS" start="2025-02-25T10:48:15.326332" elapsed="0.054117"/>
</kw>
<kw name="Input Text" owner="SeleniumLibrary">
<msg time="2025-02-25T10:48:15.381310" level="INFO">Typing text '1' into text field 'id=ticket-quantity'.</msg>
<arg>${ticket_quantity}</arg>
<arg>1</arg>
<doc>Types the given ``text`` into the text field identified by ``locator``.</doc>
<status status="PASS" start="2025-02-25T10:48:15.380689" elapsed="0.096784"/>
</kw>
<kw name="Click Button" owner="SeleniumLibrary">
<msg time="2025-02-25T10:48:15.478167" level="INFO">Clicking button '//*[@id='ticket-form']/button'.</msg>
<arg>${add_to_cart_button}</arg>
<doc>Clicks the button identified by ``locator``.</doc>
<status status="PASS" start="2025-02-25T10:48:15.477729" elapsed="0.114035"/>
</kw>
<kw name="Alert Should Be Present" owner="SeleniumLibrary">
<msg time="2025-02-25T10:48:15.592418" level="INFO">HANDLE::&lt;class 'NoneType'&gt;::None</msg>
<arg>${alert_cart_message}</arg>
<doc>Verifies that an alert is present and by default, accepts it.</doc>
<status status="PASS" start="2025-02-25T10:48:15.592022" elapsed="0.007010"/>
</kw>
<arg>${ticket_type}</arg>
<arg>${ticket_option}</arg>
<arg>${ticket_quantity}</arg>
<status status="PASS" start="2025-02-25T10:48:15.172823" elapsed="0.426654"/>
</kw>
<kw name="Click Element" owner="SeleniumLibrary">
<msg time="2025-02-25T10:48:15.601645" level="INFO">Clicking element 'id=safari-nav'.</msg>
<arg>${safari_nav}</arg>
<doc>Click the element identified by ``locator``.</doc>
<status status="PASS" start="2025-02-25T10:48:15.599834" elapsed="0.094660"/>
</kw>
<kw name="Input Text" owner="SeleniumLibrary">
<msg time="2025-02-25T10:48:15.695236" level="INFO">Typing text '002025-05-20' into text field 'id=safari-date'.</msg>
<arg>${safari_dates_category}</arg>
<arg>${safari_weekday_date}</arg>
<doc>Types the given ``text`` into the text field identified by ``locator``.</doc>
<status status="PASS" start="2025-02-25T10:48:15.694784" elapsed="0.110554"/>
</kw>
<arg>${safari_date}</arg>
<status status="PASS" start="2025-02-25T10:48:15.169956" elapsed="0.635581"/>
</kw>
<kw name="And I add the tours to cart" owner="keywords">
<kw name="Click Button" owner="SeleniumLibrary">
<msg time="2025-02-25T10:48:15.811464" level="INFO">Clicking button '//*[@id='safari-form']/button'.</msg>
<arg>${safari_cart_button}</arg>
<doc>Clicks the button identified by ``locator``.</doc>
<status status="PASS" start="2025-02-25T10:48:15.811109" elapsed="0.103311"/>
</kw>
<kw name="Alert Should Be Present" owner="SeleniumLibrary">
<msg time="2025-02-25T10:48:15.915803" level="INFO">HANDLE::&lt;class 'NoneType'&gt;::None</msg>
<arg>${alert_cart_message}</arg>
<arg>ACCEPT</arg>
<doc>Verifies that an alert is present and by default, accepts it.</doc>
<status status="PASS" start="2025-02-25T10:48:15.915131" elapsed="0.008263"/>
</kw>
<status status="PASS" start="2025-02-25T10:48:15.808335" elapsed="0.115403"/>
</kw>
<kw name="Then I Can go To Checkout" owner="keywords">
<kw name="Click Element" owner="SeleniumLibrary">
<msg time="2025-02-25T10:48:15.930240" level="INFO">Clicking element 'id=cart-nav'.</msg>
<arg>${cart_nav_button}</arg>
<doc>Click the element identified by ``locator``.</doc>
<status status="PASS" start="2025-02-25T10:48:15.929889" elapsed="0.098782"/>
</kw>
<kw name="Click Button" owner="SeleniumLibrary">
<msg time="2025-02-25T10:48:16.029343" level="INFO">Clicking button 'id=checkout-button'.</msg>
<arg>${proceed_to_checkout_button}</arg>
<doc>Clicks the button identified by ``locator``.</doc>
<status status="PASS" start="2025-02-25T10:48:16.028924" elapsed="0.107841"/>
</kw>
<status status="PASS" start="2025-02-25T10:48:15.926773" elapsed="0.210240"/>
</kw>
<kw name="Close Browser" owner="SeleniumLibrary" type="TEARDOWN">
<doc>Closes the current browser.</doc>
<status status="PASS" start="2025-02-25T10:48:16.141241" elapsed="2.222112"/>
</kw>
<doc>Testar att logga in och boka "Herbivore Tour".</doc>
<tag>wassim</tag>
<status status="PASS" start="2025-02-25T10:48:10.363707" elapsed="8.000051"/>
</test>
<status status="PASS" start="2025-02-25T10:47:56.051877" elapsed="22.314589"/>
</suite>
<status status="PASS" start="2025-02-25T10:47:56.019441" elapsed="22.350167"/>
</suite>
<statistics>
<total>
<stat pass="3" fail="0" skip="0">All Tests</stat>
</total>
<tag>
<stat pass="1" fail="0" skip="0">TicketPurchase</stat>
<stat pass="2" fail="0" skip="0">Wassim</stat>
</tag>
<suite>
<stat name="Jurasstina-KallePark" id="s1" pass="3" fail="0" skip="0">Jurasstina-KallePark</stat>
<stat name="Stina-Palletest" id="s1-s1" pass="3" fail="0" skip="0">Jurasstina-KallePark.Stina-Palletest</stat>
</suite>
</statistics>
<errors>
</errors>
</robot>
