<?xml version="1.0" encoding="UTF-8"?>
<robot generator="Robot 7.2.2 (Python 3.13.2 on win32)" generated="2025-03-07T10:55:08.979335" rpa="false" schemaversion="5">
<suite id="s1" name="Jurasstina-KallePark" source="C:\Users\Anjoffs\Documents\GitHub\Jurasstina-KallePark">
<suite id="s1-s1" name="Tests" source="C:\Users\Anjoffs\Documents\GitHub\Jurasstina-KallePark\tests">
<suite id="s1-s1-s1" name="Stina-Palletest" source="C:\Users\Anjoffs\Documents\GitHub\Jurasstina-KallePark\tests\Stina-Palletest.robot">
<test id="s1-s1-s1-t1" name="Book Herbivore Tour" line="25">
<kw name="I Am On The Page" owner="Keywords" type="SETUP">
<kw name="Open Browser" owner="SeleniumLibrary">
<msg time="2025-03-07T10:55:09.306373" level="INFO">Opening browser 'headlesschrome' to base url 'file://C:\Users\Anjoffs\Documents\GitHub\Jurasstina-KallePark/JuraStinaKallePark/jurap.html'.</msg>
<arg>${HTML_PATH}</arg>
<arg>${browser}</arg>
<doc>Opens a new browser instance to the optional ``url``.</doc>
<status status="PASS" start="2025-03-07T10:55:09.305961" elapsed="1.925234"/>
</kw>
<kw name="Title Should Be" owner="SeleniumLibrary">
<msg time="2025-03-07T10:55:11.240414" level="INFO">Page title is 'Jura-Stina-Kalle Park'.</msg>
<arg>${title}</arg>
<doc>Verifies that the current page title equals ``title``.</doc>
<status status="PASS" start="2025-03-07T10:55:11.231617" elapsed="0.009217"/>
</kw>
<arg>${HTML_PATH}</arg>
<arg>${browser}</arg>
<arg>${title}</arg>
<tag>Andreas</tag>
<status status="PASS" start="2025-03-07T10:55:09.304892" elapsed="1.936425"/>
</kw>
<kw name="Given Iam registered and logged in" owner="StinaPalle_keywords">
<kw name="I register a user with username" owner="StinaPalle_keywords">
<kw name="Click Link" owner="SeleniumLibrary">
<msg time="2025-03-07T10:55:11.251263" level="INFO">Clicking link '//*[@id="register-nav"]/a'.</msg>
<arg>${Register_link}</arg>
<doc>Clicks a link identified by ``locator``.</doc>
<status status="PASS" start="2025-03-07T10:55:11.250555" elapsed="0.082393"/>
</kw>
<kw name="Input Text" owner="SeleniumLibrary">
<msg time="2025-03-07T10:55:11.334105" level="INFO">Typing text 'Stina-Palle' into text field 'id=reg-username'.</msg>
<arg>${username_register_input_id}</arg>
<arg>${username}</arg>
<doc>Types the given ``text`` into the text field identified by ``locator``.</doc>
<status status="PASS" start="2025-03-07T10:55:11.333502" elapsed="0.081949"/>
</kw>
<kw name="Input Text" owner="SeleniumLibrary">
<msg time="2025-03-07T10:55:11.416110" level="INFO">Typing text 'Stina4251!' into text field 'id=reg-password'.</msg>
<arg>${password_register_input_id}</arg>
<arg>${password}</arg>
<doc>Types the given ``text`` into the text field identified by ``locator``.</doc>
<status status="PASS" start="2025-03-07T10:55:11.415686" elapsed="0.065943"/>
</kw>
<kw name="Click Button" owner="SeleniumLibrary">
<msg time="2025-03-07T10:55:11.482262" level="INFO">Clicking button '//*[@id='register-form']/button'.</msg>
<arg>${register_button}</arg>
<doc>Clicks the button identified by ``locator``.</doc>
<status status="PASS" start="2025-03-07T10:55:11.481865" elapsed="0.536860"/>
</kw>
<arg>${valid_username2}</arg>
<arg>${valid_password2}</arg>
<tag>Wassim</tag>
<status status="PASS" start="2025-03-07T10:55:11.249795" elapsed="0.769115"/>
</kw>
<kw name="I am logged in with valid credentials" owner="StinaPalle_keywords">
<kw name="Click Link" owner="SeleniumLibrary">
<msg time="2025-03-07T10:55:12.020108" level="INFO">Clicking link '//*[@id="login-nav"]/a'.</msg>
<arg>${loginlink_element}</arg>
<doc>Clicks a link identified by ``locator``.</doc>
<status status="PASS" start="2025-03-07T10:55:12.019746" elapsed="0.063017"/>
</kw>
<kw name="Wait Until Element Is Visible" owner="SeleniumLibrary">
<arg>${login_Section}</arg>
<doc>Waits until the element ``locator`` is visible.</doc>
<status status="PASS" start="2025-03-07T10:55:12.082985" elapsed="0.017141"/>
</kw>
<kw name="Input Text" owner="SeleniumLibrary">
<msg time="2025-03-07T10:55:12.101041" level="INFO">Typing text 'Stina-Palle' into text field 'id=login-username'.</msg>
<arg>${username_input_id}</arg>
<arg>${valid_username2}</arg>
<doc>Types the given ``text`` into the text field identified by ``locator``.</doc>
<status status="PASS" start="2025-03-07T10:55:12.100537" elapsed="0.059234"/>
</kw>
<kw name="Input Text" owner="SeleniumLibrary">
<msg time="2025-03-07T10:55:12.160395" level="INFO">Typing text 'Stina4251!' into text field 'id=login-password'.</msg>
<arg>${password_input_id}</arg>
<arg>${valid_password2}</arg>
<doc>Types the given ``text`` into the text field identified by ``locator``.</doc>
<status status="PASS" start="2025-03-07T10:55:12.160004" elapsed="0.058588"/>
</kw>
<kw name="Click Button" owner="SeleniumLibrary">
<msg time="2025-03-07T10:55:12.219200" level="INFO">Clicking button '//*[@id='login-form']/button'.</msg>
<arg>${login_button}</arg>
<doc>Clicks the button identified by ``locator``.</doc>
<status status="PASS" start="2025-03-07T10:55:12.218815" elapsed="0.062248"/>
</kw>
<kw name="Wait Until Element Is Visible" owner="SeleniumLibrary">
<arg>${home_section}</arg>
<doc>Waits until the element ``locator`` is visible.</doc>
<status status="PASS" start="2025-03-07T10:55:12.281274" elapsed="2.121999"/>
</kw>
<arg>${valid_username2}</arg>
<arg>${valid_password2}</arg>
<status status="PASS" start="2025-03-07T10:55:12.019124" elapsed="2.384325"/>
</kw>
<status status="PASS" start="2025-03-07T10:55:11.243882" elapsed="3.159685"/>
</kw>
<kw name="When I Choose Safari Date" owner="StinaPalle_keywords">
<kw name="I Add one Regular Tickets To Cart" owner="StinaPalle_keywords">
<kw name="Click Link" owner="SeleniumLibrary">
<msg time="2025-03-07T10:55:14.408283" level="INFO">Clicking link '//*[@id="tickets-nav"]/a'.</msg>
<arg>${Ticketlink_element}</arg>
<doc>Clicks a link identified by ``locator``.</doc>
<status status="PASS" start="2025-03-07T10:55:14.407816" elapsed="0.063200"/>
</kw>
<kw name="Select From List By Value" owner="SeleniumLibrary">
<msg time="2025-03-07T10:55:14.471623" level="INFO">Selecting options from selection list 'id=ticket-type' by value Adult.</msg>
<arg>${ticket_type_selector}</arg>
<arg>${ticket_type}</arg>
<doc>Selects options from selection list ``locator`` by ``values``.</doc>
<status status="PASS" start="2025-03-07T10:55:14.471231" elapsed="0.036688"/>
</kw>
<kw name="Select From List By Value" owner="SeleniumLibrary">
<msg time="2025-03-07T10:55:14.509066" level="INFO">Selecting options from selection list 'id=ticket-category' by value Regular.</msg>
<arg>${ticket_category_selector}</arg>
<arg>${ticket_option}</arg>
<doc>Selects options from selection list ``locator`` by ``values``.</doc>
<status status="PASS" start="2025-03-07T10:55:14.508249" elapsed="0.030490"/>
</kw>
<kw name="Input Text" owner="SeleniumLibrary">
<msg time="2025-03-07T10:55:14.539365" level="INFO">Typing text '1' into text field 'id=ticket-quantity'.</msg>
<arg>${ticket_quantity}</arg>
<arg>1</arg>
<doc>Types the given ``text`` into the text field identified by ``locator``.</doc>
<status status="PASS" start="2025-03-07T10:55:14.538964" elapsed="0.049561"/>
</kw>
<kw name="Click Button" owner="SeleniumLibrary">
<msg time="2025-03-07T10:55:14.589090" level="INFO">Clicking button '//*[@id='ticket-form']/button'.</msg>
<arg>${add_to_cart_button}</arg>
<doc>Clicks the button identified by ``locator``.</doc>
<status status="PASS" start="2025-03-07T10:55:14.588737" elapsed="0.063252"/>
</kw>
<kw name="Alert Should Be Present" owner="SeleniumLibrary">
<msg time="2025-03-07T10:55:14.652555" level="INFO">HANDLE::&lt;class 'NoneType'&gt;::None</msg>
<arg>${alert_cart_message}</arg>
<arg>ACCEPT</arg>
<doc>Verifies that an alert is present and by default, accepts it.</doc>
<status status="PASS" start="2025-03-07T10:55:14.652199" elapsed="0.003920"/>
</kw>
<arg>${ticket_type}</arg>
<arg>${ticket_option}</arg>
<arg>${ticket_quantity}</arg>
<status status="PASS" start="2025-03-07T10:55:14.407338" elapsed="0.248942"/>
</kw>
<kw name="Execute Javascript" owner="SeleniumLibrary">
<msg time="2025-03-07T10:55:14.657071" level="INFO">Executing JavaScript:
document.getElementById('safari-section').style.display = 'block'
Without any arguments.</msg>
<arg>document.getElementById('safari-section').style.display = 'block'</arg>
<doc>Executes the given JavaScript code with possible arguments.</doc>
<status status="PASS" start="2025-03-07T10:55:14.656442" elapsed="0.007363"/>
</kw>
<kw name="Wait Until Element Is Visible" owner="SeleniumLibrary">
<arg>${safari_type_category}</arg>
<doc>Waits until the element ``locator`` is visible.</doc>
<status status="PASS" start="2025-03-07T10:55:14.664120" elapsed="0.027495"/>
</kw>
<kw name="Input Text" owner="SeleniumLibrary">
<msg time="2025-03-07T10:55:14.692465" level="INFO">Typing text '002025-05-20' into text field 'id=safari-date'.</msg>
<arg>${safari_dates_category}</arg>
<arg>${safari_weekday_date}</arg>
<doc>Types the given ``text`` into the text field identified by ``locator``.</doc>
<status status="PASS" start="2025-03-07T10:55:14.691990" elapsed="0.058341"/>
</kw>
<kw name="I Select Herbivore Tour safari" owner="StinaPalle_keywords">
<kw name="Select From List By Value" owner="SeleniumLibrary">
<msg time="2025-03-07T10:55:14.751290" level="INFO">Selecting options from selection list 'id=safari-type' by value Herbivore Tour.</msg>
<arg>${safari_type_category}</arg>
<arg>${safari_type}</arg>
<doc>Selects options from selection list ``locator`` by ``values``.</doc>
<status status="PASS" start="2025-03-07T10:55:14.750982" elapsed="0.029776"/>
</kw>
<status status="PASS" start="2025-03-07T10:55:14.750579" elapsed="0.030326"/>
</kw>
<kw name="I add the tours to cart" owner="StinaPalle_keywords">
<kw name="Click Button" owner="SeleniumLibrary">
<msg time="2025-03-07T10:55:14.781704" level="INFO">Clicking button '//*[@id='safari-form']/button'.</msg>
<arg>${safari_cart_button}</arg>
<doc>Clicks the button identified by ``locator``.</doc>
<status status="PASS" start="2025-03-07T10:55:14.781430" elapsed="0.058310"/>
</kw>
<kw name="Alert Should Be Present" owner="SeleniumLibrary">
<msg time="2025-03-07T10:55:14.840303" level="INFO">HANDLE::&lt;class 'NoneType'&gt;::None</msg>
<arg>${alert_cart_message}</arg>
<arg>ACCEPT</arg>
<doc>Verifies that an alert is present and by default, accepts it.</doc>
<status status="PASS" start="2025-03-07T10:55:14.839954" elapsed="0.004027"/>
</kw>
<status status="PASS" start="2025-03-07T10:55:14.781069" elapsed="0.063083"/>
</kw>
<status status="PASS" start="2025-03-07T10:55:14.405288" elapsed="0.438965"/>
</kw>
<kw name="Then I Can go To Checkout" owner="StinaPalle_keywords">
<kw name="Click Element" owner="SeleniumLibrary">
<msg time="2025-03-07T10:55:14.849685" level="INFO">Clicking element 'id=cart-nav'.</msg>
<arg>${cart_nav_button}</arg>
<doc>Click the element identified by ``locator``.</doc>
<status status="PASS" start="2025-03-07T10:55:14.849364" elapsed="0.054990"/>
</kw>
<kw name="Click Button" owner="SeleniumLibrary">
<msg time="2025-03-07T10:55:14.904957" level="INFO">Clicking button 'id=checkout-button'.</msg>
<arg>${proceed_to_checkout_button}</arg>
<doc>Clicks the button identified by ``locator``.</doc>
<status status="PASS" start="2025-03-07T10:55:14.904570" elapsed="0.063035"/>
</kw>
<status status="PASS" start="2025-03-07T10:55:14.847144" elapsed="0.120633"/>
</kw>
<kw name="Close Browser" owner="SeleniumLibrary" type="TEARDOWN">
<doc>Closes the current browser.</doc>
<status status="PASS" start="2025-03-07T10:55:14.969892" elapsed="2.168351"/>
</kw>
<doc>Testar att logga in och boka "Herbivore Tour".</doc>
<tag>wassim</tag>
<status status="PASS" start="2025-03-07T10:55:09.303713" elapsed="7.834919"/>
</test>
<status status="PASS" start="2025-03-07T10:55:09.009419" elapsed="8.130515"/>
</suite>
<status status="PASS" start="2025-03-07T10:55:09.006338" elapsed="8.135396"/>
</suite>
<status status="PASS" start="2025-03-07T10:55:08.982934" elapsed="8.160737"/>
</suite>
<statistics>
<total>
<stat pass="1" fail="0" skip="0">All Tests</stat>
</total>
<tag>
<stat pass="1" fail="0" skip="0">wassim</stat>
</tag>
<suite>
<stat name="Jurasstina-KallePark" id="s1" pass="1" fail="0" skip="0">Jurasstina-KallePark</stat>
<stat name="Tests" id="s1-s1" pass="1" fail="0" skip="0">Jurasstina-KallePark.Tests</stat>
<stat name="Stina-Palletest" id="s1-s1-s1" pass="1" fail="0" skip="0">Jurasstina-KallePark.Tests.Stina-Palletest</stat>
</suite>
</statistics>
<errors>
</errors>
</robot>
